[   12985ms] [ERROR] Failed to load resource: the server responded with a status of 500 (Internal Server Error) @ http://localhost:3000/projects/26d88627-6d2c-4ced-92d4-49dc96ca155c/edit:0
[   13052ms] TypeError: (0 , __TURBOPACK__imported__module__$5b$project$5d2f$node_modules$2f$next$2f$dist$2f$client$2f$components$2f$navigation$2e$react$2d$server$2e$js__$5b$app$2d$rsc$5d$__$28$ecmascript$29$__.revalidatePath) is not a function
    at handleUpdateProject (about://React/Server/C:%5CApache24%5Chtdocs%5Cagencyos%5C.next%5Cdev%5Cserver%5Cchunks%5Cssr%5C_cbce18ae._.js?60:202:209)
    at resolveErrorDev (http://localhost:3000/_next/static/chunks/node_modules_next_dist_compiled_react-server-dom-turbopack_9212ccad._.js:1881:106)
    at processFullStringRow (http://localhost:3000/_next/static/chunks/node_modules_next_dist_compiled_react-server-dom-turbopack_9212ccad._.js:2389:29)
    at processFullBinaryRow (http://localhost:3000/_next/static/chunks/node_modules_next_dist_compiled_react-server-dom-turbopack_9212ccad._.js:2348:9)
    at processBinaryChunk (http://localhost:3000/_next/static/chunks/node_modules_next_dist_compiled_react-server-dom-turbopack_9212ccad._.js:2457:221)
    at progress (http://localhost:3000/_next/static/chunks/node_modules_next_dist_compiled_react-server-dom-turbopack_9212ccad._.js:2625:13)
[   29358ms] [ERROR] Failed to load resource: the server responded with a status of 500 (Internal Server Error) @ http://localhost:3000/projects/26d88627-6d2c-4ced-92d4-49dc96ca155c/edit:0
[   29715ms] [ERROR] A param property was accessed directly with `params.id`. `params` is a Promise and must be unwrapped with `React.use()` before accessing its properties. Learn more: https://nextjs.org/docs/messages/sync-dynamic-apis @ http://localhost:3000/_next/static/chunks/node_modules_next_dist_f3530cac._.js:3127
[   29748ms] [ERROR] A param property was accessed directly with `params.id`. `params` is a Promise and must be unwrapped with `React.use()` before accessing its properties. Learn more: https://nextjs.org/docs/messages/sync-dynamic-apis @ http://localhost:3000/_next/static/chunks/node_modules_next_dist_f3530cac._.js:3127
[   29763ms] ReferenceError: Link is not defined
    at EditProjectPageClient (http://localhost:3000/_next/static/chunks/src_98bc39a1._.js:69:224)
    at Object.react_stack_bottom_frame (http://localhost:3000/_next/static/chunks/node_modules_next_dist_compiled_react-dom_1e674e59._.js:14826:24)
    at renderWithHooks (http://localhost:3000/_next/static/chunks/node_modules_next_dist_compiled_react-dom_1e674e59._.js:4651:24)
    at updateFunctionComponent (http://localhost:3000/_next/static/chunks/node_modules_next_dist_compiled_react-dom_1e674e59._.js:6112:21)
    at beginWork (http://localhost:3000/_next/static/chunks/node_modules_next_dist_compiled_react-dom_1e674e59._.js:6708:24)
    at runWithFiberInDEV (http://localhost:3000/_next/static/chunks/node_modules_next_dist_compiled_react-dom_1e674e59._.js:965:74)
    at performUnitOfWork (http://localhost:3000/_next/static/chunks/node_modules_next_dist_compiled_react-dom_1e674e59._.js:9562:97)
    at workLoopSync (http://localhost:3000/_next/static/chunks/node_modules_next_dist_compiled_react-dom_1e674e59._.js:9456:40)
    at renderRootSync (http://localhost:3000/_next/static/chunks/node_modules_next_dist_compiled_react-dom_1e674e59._.js:9440:13)
    at performWorkOnRoot (http://localhost:3000/_next/static/chunks/node_modules_next_dist_compiled_react-dom_1e674e59._.js:9105:47)
    at performWorkOnRootViaSchedulerTask (http://localhost:3000/_next/static/chunks/node_modules_next_dist_compiled_react-dom_1e674e59._.js:10230:9)
    at MessagePort.performWorkUntilDeadline (http://localhost:3000/_next/static/chunks/node_modules_next_dist_compiled_a0e4c7b4._.js:2647:64)
[   33016ms] [WARNING] The resource http://localhost:3000/_next/static/chunks/src_app_globals_91e4631d.css was preloaded using link preload but not used within a few seconds from the window's load event. Please make sure it has an appropriate `as` value and it is preloaded intentionally. @ http://localhost:3000/projects/26d88627-6d2c-4ced-92d4-49dc96ca155c/edit:0
